2015/10/27 22:53:11 [warning] [application] Не удалось присвоить небезопасный атрибут "is_full" класса "Trip".
in /srv/Sites/vseinstrumenti/webroot/protected/controllers/TripController.php (103)
in /srv/Sites/vseinstrumenti/webroot/index.php (12)
2015/10/27 22:53:12 [warning] [application] Не удалось присвоить небезопасный атрибут "is_full" класса "Trip".
in /srv/Sites/vseinstrumenti/webroot/protected/controllers/TripController.php (103)
in /srv/Sites/vseinstrumenti/webroot/index.php (12)
2015/10/27 22:53:17 [warning] [application] Не удалось присвоить небезопасный атрибут "is_full" класса "Trip".
in /srv/Sites/vseinstrumenti/webroot/protected/controllers/TripController.php (103)
in /srv/Sites/vseinstrumenti/webroot/index.php (12)
2015/10/27 22:53:19 [warning] [application] Не удалось присвоить небезопасный атрибут "is_full" класса "Trip".
in /srv/Sites/vseinstrumenti/webroot/protected/controllers/TripController.php (103)
in /srv/Sites/vseinstrumenti/webroot/index.php (12)
2015/10/27 22:53:23 [warning] [application] Не удалось присвоить небезопасный атрибут "is_full" класса "Trip".
in /srv/Sites/vseinstrumenti/webroot/protected/controllers/TripController.php (103)
in /srv/Sites/vseinstrumenti/webroot/index.php (12)
2015/10/27 22:53:25 [warning] [application] Не удалось присвоить небезопасный атрибут "is_full" класса "Trip".
in /srv/Sites/vseinstrumenti/webroot/protected/controllers/TripController.php (103)
in /srv/Sites/vseinstrumenti/webroot/index.php (12)
2015/10/27 22:53:25 [warning] [application] Не удалось присвоить небезопасный атрибут "is_full" класса "Trip".
in /srv/Sites/vseinstrumenti/webroot/protected/controllers/TripController.php (103)
in /srv/Sites/vseinstrumenti/webroot/index.php (12)
2015/10/27 23:30:56 [warning] [application] Не удалось присвоить небезопасный атрибут "is_full" класса "Trip".
in /srv/Sites/vseinstrumenti/webroot/protected/controllers/TripController.php (103)
in /srv/Sites/vseinstrumenti/webroot/index.php (12)
2015/10/27 23:38:49 [error] [php] include(is_full.php) [<a href='function.include'>function.include</a>]: failed to open stream: No such file or directory (/srv/Sites/vseinstrumenti/webroot/vendor/yiisoft/yii/framework/YiiBase.php:432)
Stack trace:
#0 unknown(0): spl_autoload_call()
#1 /srv/Sites/vseinstrumenti/webroot/vendor/yiisoft/yii/framework/YiiBase.php(303): class_exists()
#2 /srv/Sites/vseinstrumenti/webroot/vendor/yiisoft/yii/framework/validators/CValidator.php(174): import()
#3 /srv/Sites/vseinstrumenti/webroot/vendor/yiisoft/yii/framework/base/CModel.php(287): createValidator()
#4 /srv/Sites/vseinstrumenti/webroot/vendor/yiisoft/yii/framework/base/CModel.php(260): Trip->createValidators()
#5 /srv/Sites/vseinstrumenti/webroot/vendor/yiisoft/yii/framework/base/CModel.php(304): Trip->getValidators()
#6 /srv/Sites/vseinstrumenti/webroot/vendor/yiisoft/yii/framework/web/helpers/CHtml.php(1513): Trip->isAttributeRequired()
#7 /srv/Sites/vseinstrumenti/webroot/vendor/yiisoft/yii/framework/web/widgets/CActiveForm.php(600): activeLabelEx()
#8 /srv/Sites/vseinstrumenti/webroot/protected/views/trip/_form.php(27): CActiveForm->labelEx()
#9 /srv/Sites/vseinstrumenti/webroot/vendor/yiisoft/yii/framework/web/CBaseController.php(126): require()
#10 /srv/Sites/vseinstrumenti/webroot/vendor/yiisoft/yii/framework/web/CBaseController.php(95): TripController->renderInternal()
#11 /srv/Sites/vseinstrumenti/webroot/vendor/yiisoft/yii/framework/web/CController.php(869): TripController->renderFile()
#12 /srv/Sites/vseinstrumenti/webroot/protected/views/trip/create.php(9): TripController->renderPartial()
#13 /srv/Sites/vseinstrumenti/webroot/vendor/yiisoft/yii/framework/web/CBaseController.php(126): require()
#14 /srv/Sites/vseinstrumenti/webroot/vendor/yiisoft/yii/framework/web/CBaseController.php(95): TripController->renderInternal()
#15 /srv/Sites/vseinstrumenti/webroot/vendor/yiisoft/yii/framework/web/CController.php(869): TripController->renderFile()
#16 /srv/Sites/vseinstrumenti/webroot/vendor/yiisoft/yii/framework/web/CController.php(782): TripController->renderPartial()
#17 /srv/Sites/vseinstrumenti/webroot/protected/controllers/TripController.php(110): TripController->render()
#18 unknown(0): TripController->actionCreate()
#19 /srv/Sites/vseinstrumenti/webroot/vendor/yiisoft/yii/framework/web/actions/CAction.php(109): ReflectionMethod->invokeArgs()
#20 /srv/Sites/vseinstrumenti/webroot/vendor/yiisoft/yii/framework/web/actions/CInlineAction.php(47): CInlineAction->runWithParamsInternal()
#21 /srv/Sites/vseinstrumenti/webroot/vendor/yiisoft/yii/framework/web/CController.php(308): CInlineAction->runWithParams()
#22 /srv/Sites/vseinstrumenti/webroot/vendor/yiisoft/yii/framework/web/filters/CFilterChain.php(133): TripController->runAction()
#23 /srv/Sites/vseinstrumenti/webroot/vendor/yiisoft/yii/framework/web/filters/CFilter.php(40): CFilterChain->run()
#24 /srv/Sites/vseinstrumenti/webroot/vendor/yiisoft/yii/framework/web/CController.php(1145): CAccessControlFilter->filter()
#25 /srv/Sites/vseinstrumenti/webroot/vendor/yiisoft/yii/framework/web/filters/CInlineFilter.php(58): TripController->filterAccessControl()
#26 /srv/Sites/vseinstrumenti/webroot/vendor/yiisoft/yii/framework/web/filters/CFilterChain.php(130): CInlineFilter->filter()
#27 /srv/Sites/vseinstrumenti/webroot/vendor/yiisoft/yii/framework/web/CController.php(291): CFilterChain->run()
#28 /srv/Sites/vseinstrumenti/webroot/vendor/yiisoft/yii/framework/web/CController.php(265): TripController->runActionWithFilters()
#29 /srv/Sites/vseinstrumenti/webroot/vendor/yiisoft/yii/framework/web/CWebApplication.php(282): TripController->run()
#30 /srv/Sites/vseinstrumenti/webroot/vendor/yiisoft/yii/framework/web/CWebApplication.php(141): CWebApplication->runController()
#31 /srv/Sites/vseinstrumenti/webroot/vendor/yiisoft/yii/framework/base/CApplication.php(184): CWebApplication->processRequest()
#32 /srv/Sites/vseinstrumenti/webroot/index.php(12): CWebApplication->run()
REQUEST_URI=/index.php?r=trip/create&region_id=1
in /srv/Sites/vseinstrumenti/webroot/protected/views/trip/_form.php (27)
in /srv/Sites/vseinstrumenti/webroot/protected/views/trip/create.php (9)
in /srv/Sites/vseinstrumenti/webroot/protected/controllers/TripController.php (110)
in /srv/Sites/vseinstrumenti/webroot/index.php (12)
2015/10/28 04:25:35 [error] [php] Trying to get property of non-object (/srv/Sites/vseinstrumenti/webroot/protected/models/Trip.php:34)
Stack trace:
#0 /srv/Sites/vseinstrumenti/webroot/protected/controllers/TripController.php(105): Trip->save()
#1 unknown(0): TripController->actionCreate()
#2 /srv/Sites/vseinstrumenti/webroot/vendor/yiisoft/yii/framework/web/actions/CAction.php(109): ReflectionMethod->invokeArgs()
#3 /srv/Sites/vseinstrumenti/webroot/vendor/yiisoft/yii/framework/web/actions/CInlineAction.php(47): CInlineAction->runWithParamsInternal()
#4 /srv/Sites/vseinstrumenti/webroot/vendor/yiisoft/yii/framework/web/CController.php(308): CInlineAction->runWithParams()
#5 /srv/Sites/vseinstrumenti/webroot/vendor/yiisoft/yii/framework/web/filters/CFilterChain.php(133): TripController->runAction()
#6 /srv/Sites/vseinstrumenti/webroot/vendor/yiisoft/yii/framework/web/filters/CFilter.php(40): CFilterChain->run()
#7 /srv/Sites/vseinstrumenti/webroot/vendor/yiisoft/yii/framework/web/CController.php(1145): CAccessControlFilter->filter()
#8 /srv/Sites/vseinstrumenti/webroot/vendor/yiisoft/yii/framework/web/filters/CInlineFilter.php(58): TripController->filterAccessControl()
#9 /srv/Sites/vseinstrumenti/webroot/vendor/yiisoft/yii/framework/web/filters/CFilterChain.php(130): CInlineFilter->filter()
#10 /srv/Sites/vseinstrumenti/webroot/vendor/yiisoft/yii/framework/web/CController.php(291): CFilterChain->run()
#11 /srv/Sites/vseinstrumenti/webroot/vendor/yiisoft/yii/framework/web/CController.php(265): TripController->runActionWithFilters()
#12 /srv/Sites/vseinstrumenti/webroot/vendor/yiisoft/yii/framework/web/CWebApplication.php(282): TripController->run()
#13 /srv/Sites/vseinstrumenti/webroot/vendor/yiisoft/yii/framework/web/CWebApplication.php(141): CWebApplication->runController()
#14 /srv/Sites/vseinstrumenti/webroot/vendor/yiisoft/yii/framework/base/CApplication.php(184): CWebApplication->processRequest()
#15 /srv/Sites/vseinstrumenti/webroot/index.php(12): CWebApplication->run()
REQUEST_URI=/index.php?r=trip/create&region_id=6
in /srv/Sites/vseinstrumenti/webroot/protected/models/Trip.php (34)
in /srv/Sites/vseinstrumenti/webroot/protected/controllers/TripController.php (105)
in /srv/Sites/vseinstrumenti/webroot/index.php (12)
